<?xml version="1.0" encoding="UTF-8"?>
<!-- Generated by org.testng.reporters.JUnitReportReporter -->
<testsuite hostname="Doctor-Buttons" failures="0" tests="5" name="runner.TestRunner" time="32.815" errors="0" timestamp="2022-02-13T22:43:09 CST" skipped="0">
  <testcase classname="runner.TestRunner" name="runScenario" time="4.101"/>
  <system-out/>
  <testcase classname="runner.TestRunner" name="runScenario" time="11.421"/>
  <system-out/>
  <testcase classname="runner.TestRunner" name="runScenario" time="8.648"/>
  <system-out/>
  <testcase classname="runner.TestRunner" name="runScenario" time="4.639"/>
  <system-out/>
  <testcase classname="runner.TestRunner" name="runScenario" time="4.006"/>
  <system-out/>
</testsuite> <!-- runner.TestRunner -->
